<?xml version="1.0" encoding="UTF-8"?>
<coverage generated="1756950987874" clover="3.2.0">
  <project timestamp="1756950987875" name="All files">
    <metrics statements="15" coveredstatements="15" conditionals="18" coveredconditionals="18" methods="4" coveredmethods="4" elements="37" coveredelements="37" complexity="0" loc="15" ncloc="15" packages="1" files="1" classes="1"/>
    <file name="math.js" path="C:\Projetos\Projetinhos\Jest\backend\functions\math.js">
      <metrics statements="15" coveredstatements="15" conditionals="18" coveredconditionals="18" methods="4" coveredmethods="4"/>
      <line num="2" count="3" type="cond" truecount="4" falsecount="0"/>
      <line num="3" count="1" type="stmt"/>
      <line num="5" count="2" type="stmt"/>
      <line num="9" count="3" type="cond" truecount="4" falsecount="0"/>
      <line num="10" count="1" type="stmt"/>
      <line num="12" count="2" type="stmt"/>
      <line num="16" count="3" type="cond" truecount="4" falsecount="0"/>
      <line num="17" count="1" type="stmt"/>
      <line num="19" count="2" type="stmt"/>
      <line num="23" count="3" type="cond" truecount="4" falsecount="0"/>
      <line num="24" count="1" type="stmt"/>
      <line num="26" count="2" type="cond" truecount="2" falsecount="0"/>
      <line num="27" count="1" type="stmt"/>
      <line num="29" count="1" type="stmt"/>
      <line num="32" count="1" type="stmt"/>
    </file>
  </project>
</coverage>
