TN:
SF:functions\math.js
FN:1,soma
FN:8,subtrai
FN:15,multiplica
FN:22,divide
FNF:4
FNH:4
FNDA:3,soma
FNDA:3,subtrai
FNDA:3,multiplica
FNDA:3,divide
DA:2,3
DA:3,1
DA:5,2
DA:9,3
DA:10,1
DA:12,2
DA:16,3
DA:17,1
DA:19,2
DA:23,3
DA:24,1
DA:26,2
DA:27,1
DA:29,1
DA:32,1
LF:15
LH:15
BRDA:2,0,0,1
BRDA:2,0,1,2
BRDA:2,1,0,3
BRDA:2,1,1,2
BRDA:9,2,0,1
BRDA:9,2,1,2
BRDA:9,3,0,3
BRDA:9,3,1,2
BRDA:16,4,0,1
BRDA:16,4,1,2
BRDA:16,5,0,3
BRDA:16,5,1,2
BRDA:23,6,0,1
BRDA:23,6,1,2
BRDA:23,7,0,3
BRDA:23,7,1,2
BRDA:26,8,0,1
BRDA:26,8,1,1
BRF:18
BRH:18
end_of_record
